0 info it worked if it ends with ok
1 verbose cli [ '/usr/local/bin/node',
1 verbose cli   '/usr/local/bin/npm',
1 verbose cli   'install',
1 verbose cli   'child_process' ]
2 info using npm@2.14.9
3 info using node@v4.2.2
4 verbose install initial load of /Users/luoxincheng/bird-v2/package.json
5 verbose installManyTop reading scoped package data from /Users/luoxincheng/bird-v2/node_modules/bluebird/package.json
6 verbose installManyTop reading scoped package data from /Users/luoxincheng/bird-v2/node_modules/cheerio/package.json
7 verbose installManyTop reading scoped package data from /Users/luoxincheng/bird-v2/node_modules/colors/package.json
8 verbose installManyTop reading scoped package data from /Users/luoxincheng/bird-v2/node_modules/commander/package.json
9 verbose installManyTop reading scoped package data from /Users/luoxincheng/bird-v2/node_modules/express/package.json
10 verbose installManyTop reading scoped package data from /Users/luoxincheng/bird-v2/node_modules/http-debug/package.json
11 verbose installManyTop reading scoped package data from /Users/luoxincheng/bird-v2/node_modules/mime-types/package.json
12 verbose installManyTop reading scoped package data from /Users/luoxincheng/bird-v2/node_modules/mocha/package.json
13 verbose installManyTop reading scoped package data from /Users/luoxincheng/bird-v2/node_modules/q/package.json
14 verbose installManyTop reading scoped package data from /Users/luoxincheng/bird-v2/node_modules/request/package.json
15 verbose installManyTop reading scoped package data from /Users/luoxincheng/bird-v2/node_modules/should/package.json
16 verbose readDependencies loading dependencies from /Users/luoxincheng/bird-v2/package.json
17 silly cache add args [ 'child_process', null ]
18 verbose cache add spec child_process
19 silly cache add parsed spec Result {
19 silly cache add   raw: 'child_process',
19 silly cache add   scope: null,
19 silly cache add   name: 'child_process',
19 silly cache add   rawSpec: '',
19 silly cache add   spec: '*',
19 silly cache add   type: 'range' }
20 silly addNamed child_process@*
21 verbose addNamed "*" is a valid semver range for child_process
22 silly addNameRange { name: 'child_process', range: '*', hasData: false }
23 silly mapToRegistry name child_process
24 silly mapToRegistry using default registry
25 silly mapToRegistry registry https://registry.npm.taobao.org/
26 silly mapToRegistry uri https://registry.npm.taobao.org/child_process
27 verbose addNameRange registry:https://registry.npm.taobao.org/child_process not in flight; fetching
28 verbose request uri https://registry.npm.taobao.org/child_process
29 verbose request no auth needed
30 info attempt registry request try #1 at 7:47:49 PM
31 verbose request id cfcadfa740152237
32 http request GET https://registry.npm.taobao.org/child_process
33 http 404 https://registry.npm.taobao.org/child_process
34 verbose headers { 'content-type': 'application/json',
34 verbose headers   'cache-control': 'max-age=0',
34 verbose headers   'content-length': '2',
34 verbose headers   'accept-ranges': 'bytes',
34 verbose headers   date: 'Tue, 29 Mar 2016 11:47:48 GMT',
34 verbose headers   via: '1.1 varnish',
34 verbose headers   age: '0',
34 verbose headers   connection: 'close',
34 verbose headers   'x-served-by': 'cache-itm7425-ITM',
34 verbose headers   'x-cache': 'MISS',
34 verbose headers   'x-cache-hits': '0',
34 verbose headers   'x-timer': 'S1459252068.671888,VS0,VE200' }
35 silly get cb [ 404,
35 silly get   { 'content-type': 'application/json',
35 silly get     'cache-control': 'max-age=0',
35 silly get     'content-length': '2',
35 silly get     'accept-ranges': 'bytes',
35 silly get     date: 'Tue, 29 Mar 2016 11:47:48 GMT',
35 silly get     via: '1.1 varnish',
35 silly get     age: '0',
35 silly get     connection: 'close',
35 silly get     'x-served-by': 'cache-itm7425-ITM',
35 silly get     'x-cache': 'MISS',
35 silly get     'x-cache-hits': '0',
35 silly get     'x-timer': 'S1459252068.671888,VS0,VE200' } ]
36 verbose stack Error: Registry returned 404 for GET on https://registry.npm.taobao.org/child_process
36 verbose stack     at makeError (/usr/local/lib/node_modules/npm/node_modules/npm-registry-client/lib/request.js:264:12)
36 verbose stack     at CachingRegistryClient.<anonymous> (/usr/local/lib/node_modules/npm/node_modules/npm-registry-client/lib/request.js:242:14)
36 verbose stack     at Request._callback (/usr/local/lib/node_modules/npm/node_modules/npm-registry-client/lib/request.js:172:14)
36 verbose stack     at Request.self.callback (/usr/local/lib/node_modules/npm/node_modules/request/request.js:198:22)
36 verbose stack     at emitTwo (events.js:87:13)
36 verbose stack     at Request.emit (events.js:172:7)
36 verbose stack     at Request.<anonymous> (/usr/local/lib/node_modules/npm/node_modules/request/request.js:1082:10)
36 verbose stack     at emitOne (events.js:82:20)
36 verbose stack     at Request.emit (events.js:169:7)
36 verbose stack     at IncomingMessage.<anonymous> (/usr/local/lib/node_modules/npm/node_modules/request/request.js:1009:12)
37 verbose statusCode 404
38 verbose pkgid child_process
39 verbose cwd /Users/luoxincheng/bird-v2
40 error Darwin 14.3.0
41 error argv "/usr/local/bin/node" "/usr/local/bin/npm" "install" "child_process"
42 error node v4.2.2
43 error npm  v2.14.9
44 error code E404
45 error 404 Registry returned 404 for GET on https://registry.npm.taobao.org/child_process
45 error 404
45 error 404 'child_process' is not in the npm registry.
45 error 404 Your package name is not valid, because
45 error 404
45 error 404  1. child_process is a core module name
45 error 404 It was specified as a dependency of 'birdv2'
45 error 404
45 error 404 Note that you can also install from a
45 error 404 tarball, folder, http url, or git url.
46 verbose exit [ 1, true ]
